
> sledge-app@0.1.0 build
> next build

▲ Next.js 16.2.4 (Turbopack)
- Environments: .env.local

  Creating an optimized production build ...
✓ Compiled successfully in 1844ms
  Running TypeScript ...
Failed to type check.

./components/time/time-page-client.tsx:249:63
Type error: Argument of type '(current: { employeeId: string; jobId: string; date: string; startTime: string; endTime: string; breakMinutes: string; notes: string; }) => { employeeId: string | null; jobId: string; date: string; startTime: string; endTime: string; breakMinutes: string; notes: string; }' is not assignable to parameter of type 'SetStateAction<{ employeeId: string; jobId: string; date: string; startTime: string; endTime: string; breakMinutes: string; notes: string; }>'.
  Type '(current: { employeeId: string; jobId: string; date: string; startTime: string; endTime: string; breakMinutes: string; notes: string; }) => { employeeId: string | null; jobId: string; date: string; startTime: string; endTime: string; breakMinutes: string; notes: string; }' is not assignable to type '(prevState: { employeeId: string; jobId: string; date: string; startTime: string; endTime: string; breakMinutes: string; notes: string; }) => { employeeId: string; jobId: string; date: string; startTime: string; endTime: string; breakMinutes: string; notes: string; }'.
    Call signature return types '{ employeeId: string | null; jobId: string; date: string; startTime: string; endTime: string; breakMinutes: string; notes: string; }' and '{ employeeId: string; jobId: string; date: string; startTime: string; endTime: string; breakMinutes: string; notes: string; }' are incompatible.
      The types of 'employeeId' are incompatible between these types.
        Type 'string | null' is not assignable to type 'string'.
          Type 'null' is not assignable to type 'string'.

  [90m247 |[0m ...[33mSelect[0m
  [90m248 |[0m ... value={manualValues.employeeId}
[31m[1m>[0m [90m249 |[0m ... onValueChange={(value) => setManualValues((current) => ({ ...current, employeeId: val...
  [90m    |[0m                                               [31m[1m^[0m
  [90m250 |[0m ...
  [90m251 |[0m ... <[33mSelectTrigger[0m className=[32m"min-h-11 w-full bg-background px-3"[0m>
  [90m252 |[0m ...   <[33mSelectValue[0m />
Next.js build worker exited with code: 1 and signal: null
